TN:
SF:src/App.jsx
FN:101,createDefaultFormState
FN:112,parsePositiveInteger
FN:128,parseLineCount
FN:147,parseCommaSeparatedList
FN:160,parsePortRules
FN:185,normalizeVmName
FN:195,escapeRegExp
FN:206,buildUniqueCloneName
FN:229,buildClonedConfig
FN:272,buildFormStateFromConfig
FN:310,buildCloneFormState
FN:320,buildVmPayload
FN:407,buildStatusDescriptor
FN:433,isVmRunning
FN:443,formatJson
FN:453,formatNetworkSummary
FN:474,MetricCard
FN:483,background
FN:503,backgroundColor
FN:526,JsonPanel
FN:544,backgroundColor
FN:560,App
FN:656,showMessage
FN:665,createMetadataAwareFormState
FN:681,refreshInventory
FN:734,loadVmDetails
FN:759,loadSnapshot
FN:783,handleFormSubmit
FN:844,handleDestroyVm
FN:876,handleProvisionStoredConfig
FN:901,openCloneDialog
FN:929,openCreateDialog
FN:941,handleStartVm
FN:964,handleStopVm
FN:988,handleUpdateVmPolicy
FN:1011,handleCreateRestorePoint
FN:1035,handleRestoreSnapshot
FN:1067,handleDeleteRestorePoint
FN:1152,stream.onopen
FN:1220,onChange
FN:1227,onClick
FN:1241,onClick
FN:1328,onChange
FN:1345,onClick
FN:1354,border
FN:1440,border
FN:1441,backgroundColor
FN:1461,onClick
FN:1470,onClick
FN:1511,onClick
FN:1523,onClick
FN:1532,onClick
FN:1545,onClick
FN:1572,onClick
FN:1603,onChange
FN:1659,backgroundColor
FN:1677,onChange
FN:1691,onChange
FN:1705,onChange
FN:1722,onChange
FN:1795,onClick
FN:1818,border
FN:1838,onClick
FN:1848,onClick
FN:1884,onChange
FN:1890,onClick
FN:1904,backgroundColor
FN:1933,onChange
FN:1940,onChange
FN:1960,backgroundColor
FN:1978,onClose
FN:2020,onChange
FN:2043,onChange
FN:2057,onChange
FN:2074,onChange
FN:2090,onChange
FN:2104,onChange
FN:2110,onChange
FN:2119,onChange
FN:2125,onChange
FN:2131,onChange
FN:2146,onChange
FN:2157,onChange
FN:2168,onChange
FN:2179,onChange
FN:2191,onChange
FN:2217,onChange
FN:2225,onChange
FN:2235,onChange
FN:2247,onChange
FN:2261,onChange
FN:2273,onChange
FN:2285,onChange
FN:2305,onClick
FN:2324,onClick
FN:2339,onClick
FN:2351,onClick
FN:2365,onClose
FN:2371,onClose
FNF:99
FNH:33
FNDA:24,createDefaultFormState
FNDA:59,parsePositiveInteger
FNDA:4,parseLineCount
FNDA:9,parseCommaSeparatedList
FNDA:3,parsePortRules
FNDA:34,normalizeVmName
FNDA:4,escapeRegExp
FNDA:2,buildUniqueCloneName
FNDA:3,buildClonedConfig
FNDA:3,buildFormStateFromConfig
FNDA:2,buildCloneFormState
FNDA:18,buildVmPayload
FNDA:30,buildStatusDescriptor
FNDA:21,isVmRunning
FNDA:21,formatJson
FNDA:11,formatNetworkSummary
FNDA:84,MetricCard
FNDA:84,background
FNDA:84,backgroundColor
FNDA:15,JsonPanel
FNDA:15,backgroundColor
FNDA:17,App
FNDA:0,showMessage
FNDA:1,createMetadataAwareFormState
FNDA:3,refreshInventory
FNDA:3,loadVmDetails
FNDA:3,loadSnapshot
FNDA:0,handleFormSubmit
FNDA:0,handleDestroyVm
FNDA:0,handleProvisionStoredConfig
FNDA:1,openCloneDialog
FNDA:0,openCreateDialog
FNDA:0,handleStartVm
FNDA:0,handleStopVm
FNDA:0,handleUpdateVmPolicy
FNDA:0,handleCreateRestorePoint
FNDA:0,handleRestoreSnapshot
FNDA:0,handleDeleteRestorePoint
FNDA:0,stream.onopen
FNDA:0,onChange
FNDA:0,onClick
FNDA:0,onClick
FNDA:0,onChange
FNDA:0,onClick
FNDA:8,border
FNDA:8,border
FNDA:8,backgroundColor
FNDA:0,onClick
FNDA:0,onClick
FNDA:0,onClick
FNDA:0,onClick
FNDA:0,onClick
FNDA:0,onClick
FNDA:0,onClick
FNDA:1,onChange
FNDA:7,backgroundColor
FNDA:0,onChange
FNDA:0,onChange
FNDA:0,onChange
FNDA:0,onChange
FNDA:0,onClick
FNDA:1,border
FNDA:0,onClick
FNDA:0,onClick
FNDA:0,onChange
FNDA:0,onClick
FNDA:0,backgroundColor
FNDA:0,onChange
FNDA:0,onChange
FNDA:0,backgroundColor
FNDA:0,onClose
FNDA:0,onChange
FNDA:0,onChange
FNDA:0,onChange
FNDA:0,onChange
FNDA:0,onChange
FNDA:0,onChange
FNDA:0,onChange
FNDA:0,onChange
FNDA:0,onChange
FNDA:0,onChange
FNDA:0,onChange
FNDA:0,onChange
FNDA:0,onChange
FNDA:0,onChange
FNDA:0,onChange
FNDA:0,onChange
FNDA:0,onChange
FNDA:0,onChange
FNDA:0,onChange
FNDA:0,onChange
FNDA:0,onChange
FNDA:0,onChange
FNDA:0,onClick
FNDA:0,onClick
FNDA:0,onClick
FNDA:0,onClick
FNDA:0,onClose
FNDA:0,onClose
DA:1,1
DA:69,1
DA:71,1
DA:72,1
DA:73,1
DA:74,1
DA:75,1
DA:76,1
DA:77,1
DA:78,1
DA:79,1
DA:80,1
DA:81,1
DA:82,1
DA:83,1
DA:84,1
DA:85,1
DA:86,1
DA:87,1
DA:88,1
DA:89,1
DA:90,1
DA:91,1
DA:92,1
DA:93,1
DA:94,1
DA:101,1
DA:102,24
DA:103,24
DA:112,1
DA:113,59
DA:114,59
DA:115,3
DA:116,3
DA:118,56
DA:119,56
DA:128,1
DA:129,4
DA:130,1
DA:131,1
DA:133,3
DA:134,4
DA:135,0
DA:136,0
DA:138,3
DA:139,3
DA:147,1
DA:148,9
DA:149,9
DA:150,9
DA:151,9
DA:152,9
DA:160,1
DA:161,3
DA:162,3
DA:163,3
DA:164,3
DA:165,3
DA:166,3
DA:167,3
DA:168,0
DA:169,0
DA:171,3
DA:172,3
DA:173,3
DA:174,3
DA:175,3
DA:176,3
DA:177,3
DA:185,1
DA:186,34
DA:187,34
DA:195,1
DA:196,4
DA:197,4
DA:206,1
DA:207,2
DA:208,2
DA:210,2
DA:211,3
DA:212,3
DA:213,3
DA:214,3
DA:215,2
DA:216,2
DA:217,3
DA:219,0
DA:220,0
DA:229,1
DA:230,3
DA:231,0
DA:232,0
DA:234,3
DA:235,3
DA:236,3
DA:237,3
DA:238,3
DA:239,3
DA:240,3
DA:241,3
DA:243,3
DA:244,1
DA:245,1
DA:246,1
DA:247,0
DA:248,0
DA:249,0
DA:250,0
DA:251,1
DA:252,1
DA:253,1
DA:254,1
DA:255,0
DA:256,0
DA:258,1
DA:259,1
DA:260,1
DA:261,1
DA:263,3
DA:264,3
DA:272,1
DA:273,3
DA:274,3
DA:275,3
DA:276,3
DA:278,3
DA:279,3
DA:280,3
DA:281,3
DA:282,3
DA:283,3
DA:284,3
DA:285,3
DA:286,3
DA:287,3
DA:288,3
DA:289,3
DA:290,3
DA:291,3
DA:292,3
DA:293,3
DA:294,3
DA:295,3
DA:296,3
DA:297,3
DA:298,3
DA:299,3
DA:300,3
DA:301,3
DA:310,1
DA:311,2
DA:312,2
DA:320,1
DA:321,18
DA:322,18
DA:323,18
DA:324,18
DA:325,18
DA:326,0
DA:327,18
DA:328,18
DA:329,18
DA:330,18
DA:331,18
DA:332,18
DA:333,18
DA:334,18
DA:335,18
DA:336,18
DA:338,18
DA:339,16
DA:340,16
DA:342,18
DA:343,0
DA:344,0
DA:346,18
DA:347,0
DA:348,0
DA:350,18
DA:351,0
DA:352,0
DA:354,18
DA:355,0
DA:356,0
DA:358,18
DA:359,1
DA:360,1
DA:362,18
DA:363,0
DA:364,0
DA:366,2
DA:368,2
DA:369,18
DA:370,1
DA:371,1
DA:373,2
DA:374,18
DA:375,1
DA:376,1
DA:378,2
DA:379,18
DA:380,1
DA:381,1
DA:383,2
DA:384,18
DA:385,1
DA:386,1
DA:388,18
DA:389,0
DA:390,0
DA:391,0
DA:392,0
DA:394,18
DA:395,1
DA:396,1
DA:398,2
DA:399,2
DA:407,1
DA:408,30
DA:409,12
DA:410,12
DA:412,30
DA:413,11
DA:414,11
DA:416,30
DA:417,3
DA:418,3
DA:420,4
DA:421,4
DA:422,4
DA:424,0
DA:425,0
DA:433,1
DA:434,21
DA:435,21
DA:443,1
DA:444,21
DA:445,21
DA:453,1
DA:454,11
DA:455,2
DA:456,2
DA:458,11
DA:459,11
DA:460,11
DA:461,11
DA:462,11
DA:474,1
DA:475,84
DA:476,84
DA:477,84
DA:478,84
DA:479,84
DA:480,84
DA:481,84
DA:482,84
DA:483,84
DA:484,84
DA:485,84
DA:487,84
DA:488,84
DA:489,84
DA:490,84
DA:491,84
DA:492,84
DA:493,84
DA:494,84
DA:495,84
DA:496,84
DA:497,84
DA:498,84
DA:499,84
DA:500,84
DA:501,84
DA:502,84
DA:503,84
DA:504,84
DA:505,84
DA:507,84
DA:508,84
DA:509,84
DA:510,84
DA:511,84
DA:512,84
DA:513,84
DA:515,84
DA:526,1
DA:527,15
DA:528,15
DA:529,15
DA:530,15
DA:531,15
DA:532,15
DA:533,15
DA:534,15
DA:535,15
DA:536,0
DA:537,15
DA:538,15
DA:539,15
DA:540,15
DA:541,15
DA:542,15
DA:543,15
DA:544,15
DA:545,15
DA:546,15
DA:548,15
DA:549,15
DA:550,15
DA:551,15
DA:553,15
DA:560,17
DA:561,17
DA:563,17
DA:564,17
DA:565,17
DA:566,17
DA:567,17
DA:568,17
DA:569,17
DA:570,17
DA:571,17
DA:572,17
DA:573,17
DA:574,17
DA:575,17
DA:576,17
DA:577,17
DA:578,17
DA:579,17
DA:580,17
DA:581,17
DA:582,17
DA:583,17
DA:584,17
DA:585,17
DA:586,17
DA:587,17
DA:588,17
DA:589,17
DA:591,17
DA:592,17
DA:593,17
DA:594,17
DA:595,17
DA:596,17
DA:597,17
DA:598,17
DA:600,17
DA:601,17
DA:602,17
DA:603,17
DA:604,17
DA:605,16
DA:606,16
DA:608,17
DA:609,0
DA:610,0
DA:611,0
DA:613,17
DA:614,8
DA:615,8
DA:616,8
DA:617,8
DA:619,0
DA:620,0
DA:621,0
DA:622,0
DA:623,0
DA:624,8
DA:625,8
DA:626,8
DA:627,8
DA:628,8
DA:629,8
DA:630,8
DA:631,17
DA:633,17
DA:634,17
DA:635,17
DA:636,17
DA:637,17
DA:638,17
DA:639,17
DA:640,17
DA:641,17
DA:642,17
DA:643,17
DA:644,17
DA:645,17
DA:646,17
DA:647,17
DA:656,17
DA:657,0
DA:658,0
DA:665,17
DA:666,1
DA:667,1
DA:668,1
DA:669,1
DA:670,1
DA:671,1
DA:672,1
DA:673,1
DA:681,17
DA:682,3
DA:683,3
DA:685,3
DA:686,3
DA:687,3
DA:688,3
DA:689,3
DA:690,3
DA:692,3
DA:693,3
DA:694,3
DA:695,0
DA:696,0
DA:698,3
DA:699,3
DA:700,3
DA:701,0
DA:702,0
DA:704,3
DA:705,3
DA:706,3
DA:707,0
DA:708,0
DA:710,3
DA:711,3
DA:712,3
DA:713,3
DA:714,0
DA:715,3
DA:717,3
DA:718,3
DA:719,3
DA:720,3
DA:721,3
DA:722,0
DA:723,0
DA:725,3
DA:726,3
DA:734,17
DA:735,3
DA:736,0
DA:737,0
DA:738,0
DA:740,3
DA:741,3
DA:742,3
DA:743,3
DA:744,3
DA:745,0
DA:746,0
DA:747,3
DA:748,3
DA:749,3
DA:750,3
DA:759,17
DA:760,3
DA:761,0
DA:762,0
DA:764,3
DA:765,3
DA:766,3
DA:767,3
DA:768,3
DA:769,3
DA:770,0
DA:771,0
DA:772,3
DA:773,3
DA:774,3
DA:775,3
DA:783,17
DA:784,0
DA:785,0
DA:786,0
DA:787,0
DA:788,0
DA:789,0
DA:790,0
DA:791,0
DA:793,0
DA:794,0
DA:795,0
DA:796,0
DA:797,0
DA:798,0
DA:799,0
DA:800,0
DA:801,0
DA:802,0
DA:803,0
DA:804,0
DA:806,0
DA:808,0
DA:809,0
DA:810,0
DA:811,0
DA:812,0
DA:813,0
DA:814,0
DA:815,0
DA:817,0
DA:818,0
DA:819,0
DA:820,0
DA:821,0
DA:822,0
DA:823,0
DA:824,0
DA:825,0
DA:826,0
DA:827,0
DA:828,0
DA:829,0
DA:830,0
DA:831,0
DA:832,0
DA:833,0
DA:834,0
DA:835,0
DA:836,0
DA:837,0
DA:844,17
DA:845,0
DA:846,0
DA:847,0
DA:849,0
DA:850,0
DA:851,0
DA:852,0
DA:853,0
DA:854,0
DA:856,0
DA:857,0
DA:858,0
DA:859,0
DA:860,0
DA:861,0
DA:862,0
DA:863,0
DA:864,0
DA:865,0
DA:866,0
DA:867,0
DA:868,0
DA:869,0
DA:876,17
DA:877,0
DA:878,0
DA:879,0
DA:880,0
DA:882,0
DA:883,0
DA:884,0
DA:885,0
DA:886,0
DA:887,0
DA:888,0
DA:889,0
DA:890,0
DA:891,0
DA:892,0
DA:893,0
DA:894,0
DA:901,17
DA:902,1
DA:903,0
DA:904,0
DA:905,0
DA:907,1
DA:908,0
DA:909,0
DA:910,0
DA:912,1
DA:913,1
DA:914,1
DA:915,1
DA:916,1
DA:917,1
DA:918,1
DA:919,1
DA:920,1
DA:921,1
DA:922,1
DA:929,17
DA:930,0
DA:931,0
DA:932,0
DA:933,0
DA:934,0
DA:941,17
DA:942,0
DA:943,0
DA:944,0
DA:946,0
DA:947,0
DA:948,0
DA:949,0
DA:950,0
DA:951,0
DA:952,0
DA:953,0
DA:954,0
DA:955,0
DA:956,0
DA:957,0
DA:964,17
DA:965,0
DA:966,0
DA:967,0
DA:969,0
DA:970,0
DA:971,0
DA:972,0
DA:973,0
DA:974,0
DA:975,0
DA:976,0
DA:977,0
DA:978,0
DA:979,0
DA:980,0
DA:988,17
DA:989,0
DA:990,0
DA:991,0
DA:993,0
DA:994,0
DA:995,0
DA:996,0
DA:997,0
DA:998,0
DA:999,0
DA:1000,0
DA:1001,0
DA:1002,0
DA:1003,0
DA:1004,0
DA:1011,17
DA:1012,0
DA:1013,0
DA:1014,0
DA:1016,0
DA:1017,0
DA:1018,0
DA:1019,0
DA:1020,0
DA:1021,0
DA:1022,0
DA:1023,0
DA:1024,0
DA:1025,0
DA:1026,0
DA:1027,0
DA:1035,17
DA:1036,0
DA:1037,0
DA:1038,0
DA:1040,0
DA:1041,0
DA:1042,0
DA:1043,0
DA:1044,0
DA:1045,0
DA:1047,0
DA:1048,0
DA:1049,0
DA:1050,0
DA:1051,0
DA:1052,0
DA:1053,0
DA:1054,0
DA:1055,0
DA:1056,0
DA:1057,0
DA:1058,0
DA:1059,0
DA:1067,17
DA:1068,0
DA:1069,0
DA:1070,0
DA:1072,0
DA:1073,0
DA:1074,0
DA:1075,0
DA:1077,0
DA:1078,0
DA:1079,0
DA:1080,0
DA:1081,0
DA:1082,0
DA:1083,0
DA:1084,0
DA:1085,0
DA:1086,0
DA:1087,0
DA:1088,0
DA:1090,17
DA:1091,3
DA:1092,17
DA:1094,17
DA:1095,17
DA:1096,16
DA:1097,16
DA:1099,17
DA:1100,0
DA:1101,0
DA:1102,0
DA:1103,0
DA:1104,0
DA:1105,0
DA:1106,0
DA:1107,0
DA:1108,0
DA:1110,1
DA:1111,1
DA:1112,1
DA:1113,1
DA:1114,17
DA:1115,0
DA:1116,0
DA:1117,0
DA:1118,0
DA:1119,0
DA:1120,17
DA:1122,17
DA:1123,6
DA:1124,6
DA:1125,6
DA:1126,6
DA:1127,6
DA:1129,6
DA:1130,3
DA:1131,3
DA:1132,3
DA:1133,3
DA:1135,3
DA:1136,3
DA:1137,17
DA:1139,17
DA:1140,6
DA:1141,6
DA:1142,6
DA:1144,0
DA:1145,0
DA:1146,0
DA:1147,0
DA:1148,0
DA:1149,0
DA:1151,0
DA:1152,0
DA:1153,0
DA:1154,0
DA:1155,0
DA:1156,0
DA:1157,0
DA:1158,0
DA:1159,0
DA:1160,0
DA:1161,0
DA:1162,0
DA:1163,0
DA:1164,0
DA:1165,0
DA:1166,0
DA:1167,0
DA:1168,0
DA:1169,0
DA:1170,0
DA:1171,0
DA:1172,0
DA:1173,0
DA:1174,0
DA:1175,0
DA:1176,0
DA:1177,0
DA:1178,0
DA:1179,0
DA:1180,0
DA:1181,0
DA:1183,0
DA:1184,0
DA:1185,0
DA:1186,0
DA:1187,17
DA:1189,17
DA:1191,17
DA:1192,17
DA:1193,17
DA:1194,17
DA:1195,17
DA:1196,17
DA:1197,17
DA:1198,17
DA:1199,17
DA:1200,17
DA:1202,17
DA:1203,17
DA:1205,17
DA:1206,17
DA:1208,17
DA:1209,17
DA:1212,17
DA:1213,17
DA:1215,17
DA:1216,17
DA:1217,17
DA:1218,17
DA:1219,17
DA:1220,17
DA:1221,17
DA:1222,17
DA:1223,17
DA:1224,17
DA:1225,17
DA:1226,17
DA:1227,17
DA:1228,0
DA:1229,0
DA:1230,0
DA:1231,0
DA:1232,0
DA:1233,0
DA:1234,0
DA:1235,17
DA:1237,17
DA:1238,17
DA:1239,17
DA:1240,17
DA:1241,17
DA:1242,17
DA:1244,17
DA:1245,17
DA:1246,17
DA:1247,17
DA:1248,17
DA:1249,17
DA:1250,17
DA:1252,17
DA:1253,17
DA:1254,17
DA:1255,17
DA:1256,17
DA:1257,17
DA:1258,17
DA:1259,17
DA:1260,17
DA:1261,17
DA:1262,17
DA:1263,17
DA:1264,17
DA:1265,17
DA:1266,17
DA:1267,17
DA:1269,17
DA:1270,17
DA:1271,17
DA:1272,17
DA:1273,17
DA:1274,17
DA:1276,17
DA:1277,17
DA:1278,17
DA:1279,17
DA:1280,17
DA:1281,17
DA:1282,17
DA:1283,17
DA:1284,17
DA:1285,17
DA:1286,17
DA:1287,17
DA:1288,17
DA:1289,17
DA:1290,17
DA:1291,17
DA:1292,17
DA:1293,17
DA:1294,17
DA:1295,17
DA:1296,17
DA:1297,17
DA:1298,17
DA:1299,17
DA:1300,17
DA:1301,17
DA:1302,17
DA:1304,17
DA:1305,17
DA:1306,17
DA:1307,17
DA:1308,17
DA:1309,17
DA:1310,17
DA:1312,17
DA:1313,17
DA:1314,17
DA:1315,17
DA:1316,17
DA:1317,17
DA:1319,17
DA:1320,17
DA:1321,17
DA:1322,17
DA:1324,17
DA:1325,17
DA:1326,17
DA:1327,17
DA:1328,17
DA:1329,17
DA:1330,17
DA:1331,17
DA:1332,17
DA:1333,17
DA:1335,17
DA:1336,17
DA:1338,17
DA:1339,17
DA:1340,8
DA:1341,8
DA:1342,8
DA:1343,8
DA:1344,8
DA:1345,8
DA:1346,0
DA:1347,0
DA:1348,0
DA:1349,0
DA:1350,8
DA:1351,8
DA:1352,8
DA:1353,8
DA:1354,8
DA:1355,8
DA:1357,8
DA:1358,8
DA:1359,8
DA:1360,8
DA:1361,8
DA:1362,8
DA:1363,8
DA:1364,8
DA:1366,8
DA:1367,8
DA:1368,8
DA:1369,8
DA:1370,8
DA:1372,8
DA:1373,8
DA:1374,8
DA:1375,8
DA:1376,8
DA:1377,8
DA:1378,8
DA:1379,8
DA:1380,8
DA:1381,0
DA:1382,8
DA:1383,8
DA:1385,8
DA:1386,8
DA:1388,17
DA:1389,17
DA:1391,17
DA:1392,3
DA:1394,3
DA:1395,14
DA:1396,17
DA:1397,17
DA:1399,17
DA:1400,17
DA:1401,9
DA:1402,9
DA:1403,9
DA:1406,9
DA:1407,9
DA:1409,9
DA:1410,9
DA:1412,8
DA:1413,8
DA:1414,8
DA:1415,8
DA:1416,8
DA:1417,8
DA:1418,8
DA:1419,5
DA:1420,3
DA:1421,8
DA:1422,5
DA:1423,3
DA:1424,8
DA:1425,8
DA:1426,8
DA:1427,8
DA:1428,8
DA:1429,8
DA:1430,8
DA:1431,8
DA:1432,8
DA:1433,8
DA:1434,8
DA:1435,8
DA:1436,8
DA:1437,8
DA:1438,8
DA:1439,8
DA:1440,8
DA:1441,8
DA:1442,8
DA:1444,8
DA:1445,8
DA:1446,8
DA:1447,8
DA:1448,8
DA:1450,8
DA:1451,8
DA:1453,8
DA:1454,8
DA:1455,8
DA:1456,8
DA:1457,8
DA:1458,8
DA:1459,8
DA:1460,8
DA:1461,8
DA:1463,8
DA:1464,8
DA:1465,8
DA:1466,8
DA:1467,8
DA:1468,8
DA:1469,8
DA:1470,8
DA:1472,8
DA:1473,8
DA:1474,8
DA:1475,8
DA:1476,8
DA:1477,8
DA:1478,8
DA:1479,5
DA:1480,5
DA:1481,5
DA:1482,4
DA:1483,1
DA:1486,5
DA:1487,5
DA:1488,5
DA:1489,5
DA:1490,5
DA:1491,5
DA:1492,5
DA:1493,5
DA:1495,5
DA:1496,5
DA:1497,5
DA:1498,3
DA:1499,8
DA:1500,8
DA:1501,8
DA:1502,4
DA:1503,4
DA:1506,8
DA:1507,8
DA:1508,8
DA:1509,8
DA:1510,8
DA:1511,8
DA:1513,8
DA:1514,8
DA:1515,8
DA:1516,8
DA:1517,8
DA:1518,1
DA:1519,1
DA:1520,1
DA:1521,1
DA:1522,1
DA:1523,1
DA:1525,1
DA:1526,1
DA:1527,7
DA:1528,8
DA:1529,8
DA:1530,8
DA:1531,8
DA:1532,8
DA:1533,0
DA:1534,0
DA:1535,0
DA:1536,0
DA:1537,8
DA:1539,8
DA:1540,8
DA:1541,8
DA:1542,8
DA:1543,8
DA:1544,8
DA:1545,8
DA:1547,8
DA:1548,8
DA:1549,8
DA:1550,8
DA:1551,8
DA:1553,8
DA:1554,0
DA:1555,0
DA:1556,0
DA:1557,0
DA:1558,8
DA:1560,8
DA:1561,0
DA:1562,8
DA:1564,8
DA:1565,1
DA:1566,1
DA:1567,1
DA:1568,1
DA:1569,1
DA:1570,1
DA:1571,1
DA:1572,1
DA:1574,1
DA:1575,1
DA:1577,1
DA:1579,1
DA:1580,7
DA:1582,8
DA:1583,8
DA:1584,8
DA:1585,8
DA:1586,8
DA:1587,8
DA:1589,8
DA:1590,8
DA:1591,8
DA:1592,8
DA:1593,8
DA:1594,8
DA:1595,8
DA:1596,8
DA:1597,8
DA:1598,8
DA:1599,8
DA:1600,8
DA:1601,8
DA:1603,8
DA:1604,8
DA:1605,8
DA:1606,8
DA:1607,8
DA:1608,8
DA:1610,8
DA:1611,7
DA:1612,7
DA:1613,7
DA:1614,7
DA:1615,7
DA:1616,7
DA:1618,7
DA:1619,7
DA:1620,7
DA:1621,7
DA:1622,7
DA:1623,7
DA:1624,7
DA:1625,7
DA:1626,7
DA:1627,7
DA:1628,7
DA:1629,7
DA:1630,7
DA:1631,7
DA:1632,7
DA:1633,7
DA:1634,7
DA:1635,7
DA:1636,7
DA:1637,7
DA:1638,7
DA:1639,7
DA:1640,7
DA:1641,7
DA:1642,7
DA:1643,7
DA:1644,7
DA:1645,7
DA:1646,7
DA:1647,7
DA:1648,7
DA:1649,7
DA:1650,7
DA:1651,7
DA:1652,7
DA:1653,7
DA:1654,7
DA:1655,7
DA:1656,7
DA:1657,7
DA:1658,7
DA:1659,7
DA:1660,7
DA:1661,2
DA:1662,5
DA:1663,7
DA:1664,7
DA:1665,7
DA:1666,7
DA:1667,7
DA:1668,7
DA:1669,7
DA:1670,7
DA:1671,7
DA:1672,7
DA:1673,7
DA:1674,7
DA:1675,7
DA:1676,7
DA:1677,7
DA:1678,0
DA:1679,0
DA:1680,0
DA:1682,7
DA:1684,7
DA:1685,7
DA:1686,7
DA:1687,7
DA:1688,7
DA:1689,7
DA:1690,7
DA:1691,7
DA:1692,0
DA:1693,0
DA:1694,0
DA:1696,7
DA:1698,7
DA:1699,7
DA:1700,7
DA:1701,7
DA:1702,7
DA:1703,7
DA:1704,7
DA:1705,7
DA:1706,0
DA:1707,0
DA:1708,0
DA:1710,7
DA:1712,7
DA:1713,7
DA:1714,7
DA:1715,7
DA:1716,7
DA:1717,7
DA:1718,7
DA:1719,7
DA:1720,7
DA:1722,7
DA:1723,0
DA:1724,0
DA:1725,0
DA:1727,7
DA:1729,7
DA:1730,7
DA:1731,7
DA:1732,7
DA:1733,7
DA:1734,7
DA:1735,7
DA:1736,7
DA:1737,7
DA:1738,7
DA:1739,7
DA:1740,7
DA:1741,7
DA:1742,7
DA:1743,7
DA:1744,1
DA:1746,8
DA:1747,0
DA:1748,0
DA:1749,0
DA:1750,0
DA:1751,0
DA:1752,0
DA:1754,0
DA:1755,0
DA:1756,0
DA:1757,0
DA:1758,0
DA:1759,0
DA:1760,0
DA:1761,0
DA:1762,0
DA:1763,0
DA:1764,0
DA:1765,8
DA:1767,8
DA:1768,1
DA:1769,1
DA:1770,1
DA:1771,1
DA:1772,1
DA:1773,1
DA:1774,1
DA:1775,1
DA:1777,1
DA:1778,1
DA:1779,1
DA:1781,1
DA:1782,1
DA:1783,1
DA:1784,1
DA:1785,1
DA:1786,1
DA:1787,0
DA:1790,1
DA:1791,1
DA:1792,1
DA:1793,1
DA:1794,1
DA:1795,1
DA:1797,1
DA:1798,1
DA:1799,1
DA:1800,1
DA:1801,1
DA:1802,1
DA:1803,0
DA:1805,0
DA:1806,1
DA:1807,1
DA:1808,0
DA:1810,1
DA:1811,1
DA:1812,1
DA:1813,1
DA:1814,1
DA:1815,1
DA:1816,1
DA:1817,1
DA:1818,1
DA:1819,1
DA:1820,1
DA:1822,1
DA:1823,1
DA:1824,1
DA:1825,1
DA:1826,1
DA:1828,1
DA:1829,1
DA:1830,1
DA:1831,1
DA:1832,1
DA:1833,1
DA:1834,1
DA:1835,1
DA:1836,1
DA:1837,1
DA:1838,1
DA:1839,1
DA:1841,1
DA:1842,1
DA:1843,1
DA:1844,1
DA:1845,1
DA:1846,1
DA:1847,1
DA:1848,1
DA:1849,1
DA:1851,1
DA:1852,1
DA:1853,1
DA:1854,1
DA:1855,1
DA:1856,1
DA:1858,1
DA:1859,1
DA:1860,1
DA:1861,7
DA:1863,8
DA:1864,0
DA:1865,0
DA:1866,0
DA:1867,0
DA:1868,0
DA:1869,0
DA:1870,0
DA:1871,0
DA:1873,0
DA:1874,0
DA:1875,0
DA:1876,0
DA:1877,0
DA:1878,0
DA:1879,0
DA:1880,0
DA:1881,0
DA:1882,0
DA:1883,0
DA:1884,0
DA:1885,0
DA:1886,0
DA:1887,0
DA:1888,0
DA:1889,0
DA:1890,0
DA:1891,0
DA:1893,0
DA:1894,0
DA:1895,0
DA:1896,0
DA:1897,0
DA:1898,0
DA:1899,0
DA:1900,0
DA:1901,0
DA:1902,0
DA:1903,0
DA:1904,0
DA:1905,0
DA:1907,0
DA:1908,0
DA:1909,0
DA:1910,0
DA:1911,0
DA:1912,0
DA:1914,0
DA:1915,0
DA:1916,0
DA:1917,0
DA:1918,0
DA:1919,0
DA:1920,0
DA:1922,0
DA:1923,0
DA:1924,0
DA:1926,0
DA:1927,0
DA:1928,0
DA:1929,0
DA:1930,0
DA:1931,0
DA:1932,0
DA:1933,0
DA:1934,0
DA:1935,0
DA:1936,0
DA:1937,0
DA:1938,0
DA:1939,0
DA:1940,0
DA:1941,0
DA:1943,0
DA:1944,0
DA:1945,0
DA:1946,0
DA:1947,0
DA:1948,0
DA:1949,0
DA:1950,0
DA:1951,0
DA:1952,0
DA:1953,0
DA:1954,0
DA:1955,0
DA:1956,0
DA:1957,0
DA:1958,0
DA:1959,0
DA:1960,0
DA:1961,0
DA:1963,0
DA:1964,0
DA:1965,0
DA:1966,0
DA:1967,0
DA:1968,8
DA:1969,8
DA:1971,17
DA:1972,17
DA:1973,17
DA:1974,17
DA:1976,17
DA:1977,17
DA:1978,17
DA:1979,0
DA:1980,0
DA:1981,0
DA:1982,0
DA:1983,0
DA:1984,0
DA:1985,0
DA:1986,17
DA:1987,17
DA:1989,17
DA:1990,17
DA:1991,17
DA:1992,17
DA:1993,1
DA:1994,1
DA:1995,1
DA:1996,16
DA:1997,17
DA:1998,1
DA:2000,1
DA:2001,16
DA:2002,17
DA:2003,1
DA:2004,1
DA:2005,1
DA:2006,1
DA:2007,1
DA:2008,16
DA:2009,17
DA:2010,17
DA:2011,17
DA:2012,17
DA:2013,17
DA:2014,17
DA:2016,17
DA:2017,17
DA:2018,17
DA:2019,17
DA:2020,17
DA:2021,0
DA:2022,0
DA:2023,0
DA:2024,0
DA:2025,0
DA:2026,0
DA:2027,0
DA:2028,0
DA:2029,0
DA:2030,0
DA:2031,0
DA:2033,17
DA:2034,11
DA:2035,11
DA:2036,11
DA:2037,17
DA:2038,17
DA:2039,17
DA:2040,17
DA:2041,17
DA:2042,17
DA:2043,17
DA:2044,17
DA:2046,17
DA:2047,11
DA:2048,11
DA:2049,11
DA:2050,17
DA:2051,17
DA:2052,17
DA:2053,17
DA:2054,0
DA:2055,0
DA:2056,0
DA:2057,0
DA:2058,0
DA:2059,0
DA:2060,0
DA:2061,0
DA:2063,17
DA:2064,17
DA:2065,17
DA:2066,17
DA:2067,17
DA:2069,17
DA:2070,0
DA:2071,0
DA:2072,0
DA:2073,0
DA:2074,0
DA:2075,0
DA:2076,0
DA:2077,0
DA:2078,0
DA:2080,0
DA:2081,0
DA:2082,0
DA:2083,0
DA:2084,0
DA:2085,17
DA:2086,17
DA:2087,17
DA:2088,17
DA:2089,17
DA:2090,17
DA:2091,17
DA:2092,17
DA:2093,17
DA:2094,17
DA:2095,0
DA:2096,17
DA:2097,1
DA:2098,16
DA:2100,17
DA:2101,17
DA:2102,17
DA:2103,17
DA:2104,17
DA:2105,17
DA:2106,17
DA:2107,17
DA:2108,17
DA:2109,17
DA:2110,17
DA:2112,17
DA:2113,17
DA:2114,17
DA:2115,17
DA:2116,17
DA:2117,17
DA:2118,17
DA:2119,17
DA:2120,17
DA:2121,17
DA:2122,17
DA:2123,17
DA:2124,17
DA:2125,17
DA:2126,17
DA:2127,17
DA:2128,17
DA:2129,17
DA:2130,17
DA:2131,17
DA:2132,17
DA:2133,17
DA:2135,17
DA:2136,17
DA:2137,17
DA:2138,17
DA:2139,17
DA:2140,17
DA:2142,17
DA:2143,17
DA:2144,17
DA:2145,17
DA:2146,17
DA:2147,0
DA:2149,17
DA:2151,17
DA:2152,17
DA:2153,17
DA:2154,17
DA:2155,17
DA:2156,17
DA:2157,17
DA:2158,0
DA:2160,17
DA:2162,17
DA:2163,17
DA:2164,17
DA:2165,17
DA:2166,17
DA:2167,17
DA:2168,17
DA:2169,0
DA:2171,17
DA:2173,17
DA:2174,17
DA:2175,17
DA:2176,17
DA:2177,17
DA:2178,17
DA:2179,17
DA:2180,0
DA:2182,17
DA:2184,17
DA:2185,17
DA:2186,17
DA:2187,17
DA:2188,17
DA:2189,17
DA:2190,17
DA:2191,17
DA:2192,0
DA:2193,0
DA:2194,0
DA:2195,0
DA:2197,17
DA:2199,17
DA:2200,17
DA:2201,17
DA:2203,17
DA:2205,17
DA:2206,17
DA:2207,17
DA:2208,17
DA:2209,17
DA:2210,17
DA:2212,17
DA:2213,17
DA:2214,17
DA:2215,17
DA:2216,17
DA:2217,17
DA:2218,17
DA:2219,17
DA:2220,17
DA:2221,17
DA:2222,17
DA:2223,17
DA:2224,17
DA:2225,17
DA:2226,0
DA:2228,17
DA:2229,17
DA:2230,17
DA:2231,17
DA:2232,17
DA:2233,17
DA:2234,17
DA:2235,17
DA:2236,17
DA:2237,17
DA:2238,1
DA:2239,16
DA:2241,17
DA:2242,17
DA:2243,17
DA:2244,17
DA:2245,17
DA:2246,17
DA:2247,17
DA:2248,0
DA:2250,17
DA:2251,17
DA:2252,1
DA:2253,16
DA:2255,17
DA:2256,17
DA:2257,17
DA:2258,17
DA:2259,17
DA:2260,17
DA:2261,17
DA:2262,17
DA:2263,17
DA:2264,1
DA:2265,16
DA:2267,17
DA:2268,17
DA:2269,17
DA:2270,17
DA:2271,17
DA:2272,17
DA:2273,17
DA:2274,17
DA:2275,17
DA:2276,1
DA:2277,16
DA:2279,17
DA:2280,17
DA:2281,17
DA:2282,17
DA:2283,17
DA:2284,17
DA:2285,17
DA:2286,17
DA:2287,17
DA:2288,1
DA:2289,16
DA:2291,17
DA:2292,17
DA:2294,17
DA:2296,17
DA:2297,17
DA:2298,17
DA:2299,17
DA:2300,17
DA:2301,17
DA:2302,17
DA:2303,17
DA:2304,17
DA:2305,17
DA:2306,0
DA:2307,0
DA:2308,0
DA:2309,0
DA:2310,0
DA:2311,0
DA:2312,0
DA:2313,17
DA:2315,17
DA:2316,17
DA:2317,1
DA:2318,1
DA:2319,1
DA:2320,1
DA:2321,1
DA:2322,1
DA:2323,1
DA:2324,1
DA:2326,1
DA:2327,1
DA:2328,1
DA:2329,1
DA:2331,16
DA:2332,16
DA:2333,16
DA:2334,16
DA:2335,16
DA:2336,16
DA:2337,16
DA:2338,16
DA:2339,16
DA:2341,16
DA:2342,16
DA:2343,16
DA:2344,16
DA:2345,16
DA:2346,16
DA:2347,16
DA:2348,16
DA:2349,16
DA:2350,16
DA:2351,16
DA:2353,16
DA:2354,16
DA:2355,16
DA:2356,16
DA:2357,16
DA:2359,17
DA:2360,17
DA:2362,17
DA:2363,17
DA:2364,17
DA:2365,17
DA:2366,17
DA:2368,17
DA:2369,17
DA:2370,17
DA:2371,17
DA:2372,17
DA:2374,17
DA:2375,17
DA:2376,17
DA:2377,17
DA:2379,17
LF:1847
LH:1322
BRDA:101,0,0,24
BRDA:112,1,0,59
BRDA:114,2,0,58
BRDA:114,3,0,3
BRDA:116,4,0,56
BRDA:128,5,0,4
BRDA:129,6,0,3
BRDA:129,7,0,3
BRDA:129,8,0,1
BRDA:131,9,0,3
BRDA:134,10,0,3
BRDA:134,11,0,3
BRDA:134,12,0,0
BRDA:147,13,0,9
BRDA:150,14,0,16
BRDA:160,15,0,3
BRDA:163,16,0,4
BRDA:165,17,0,3
BRDA:167,18,0,0
BRDA:174,19,0,1
BRDA:185,20,0,34
BRDA:186,21,0,16
BRDA:195,22,0,4
BRDA:206,23,0,2
BRDA:207,24,0,0
BRDA:207,25,0,0
BRDA:210,26,0,3
BRDA:214,27,0,2
BRDA:217,28,0,0
BRDA:208,29,0,3
BRDA:229,30,0,3
BRDA:230,31,0,0
BRDA:235,32,0,0
BRDA:236,33,0,0
BRDA:243,34,0,1
BRDA:243,35,0,1
BRDA:246,36,0,0
BRDA:254,37,0,0
BRDA:272,38,0,3
BRDA:273,39,0,0
BRDA:275,40,0,1
BRDA:275,41,0,2
BRDA:276,42,0,2
BRDA:280,43,0,0
BRDA:281,44,0,0
BRDA:282,45,0,0
BRDA:283,46,0,0
BRDA:284,47,0,0
BRDA:285,48,0,0
BRDA:285,49,0,0
BRDA:286,50,0,0
BRDA:286,51,0,0
BRDA:292,52,0,1
BRDA:293,53,0,2
BRDA:299,54,0,0
BRDA:296,55,0,1
BRDA:296,56,0,0
BRDA:310,57,0,2
BRDA:320,58,0,18
BRDA:324,59,0,16
BRDA:325,60,0,0
BRDA:327,61,0,16
BRDA:338,62,0,16
BRDA:340,63,0,2
BRDA:342,64,0,0
BRDA:344,65,0,2
BRDA:346,66,0,0
BRDA:348,67,0,2
BRDA:350,68,0,0
BRDA:352,69,0,2
BRDA:354,70,0,0
BRDA:354,71,0,0
BRDA:356,72,0,2
BRDA:358,73,0,1
BRDA:360,74,0,2
BRDA:362,75,0,0
BRDA:362,76,0,0
BRDA:364,77,0,2
BRDA:369,78,0,1
BRDA:371,79,0,2
BRDA:374,80,0,1
BRDA:376,81,0,2
BRDA:379,82,0,1
BRDA:381,83,0,2
BRDA:384,84,0,1
BRDA:386,85,0,2
BRDA:388,86,0,0
BRDA:392,87,0,2
BRDA:394,88,0,1
BRDA:396,89,0,2
BRDA:407,90,0,30
BRDA:408,91,0,12
BRDA:410,92,0,18
BRDA:412,93,0,14
BRDA:412,94,0,11
BRDA:414,95,0,7
BRDA:416,96,0,3
BRDA:417,97,0,0
BRDA:418,98,0,4
BRDA:422,99,0,0
BRDA:433,100,0,21
BRDA:434,101,0,9
BRDA:434,102,0,7
BRDA:443,103,0,21
BRDA:444,104,0,2
BRDA:453,105,0,11
BRDA:454,106,0,2
BRDA:456,107,0,9
BRDA:458,108,0,0
BRDA:458,109,0,0
BRDA:459,110,0,1
BRDA:460,111,0,9
BRDA:460,112,0,0
BRDA:461,113,0,8
BRDA:461,114,0,1
BRDA:474,115,0,84
BRDA:483,116,0,84
BRDA:503,117,0,84
BRDA:526,118,0,15
BRDA:535,119,0,0
BRDA:544,120,0,15
BRDA:560,121,0,17
BRDA:597,122,0,12
BRDA:598,123,0,12
BRDA:604,124,0,16
BRDA:608,125,0,1
BRDA:608,126,0,1
BRDA:608,127,0,0
BRDA:636,128,0,5
BRDA:636,129,0,12
BRDA:636,130,0,0
BRDA:636,131,0,12
BRDA:637,132,0,5
BRDA:637,133,0,12
BRDA:637,134,0,0
BRDA:637,135,0,12
BRDA:640,136,0,5
BRDA:640,137,0,4
BRDA:641,138,0,5
BRDA:641,139,0,5
BRDA:641,140,0,1
BRDA:642,141,0,5
BRDA:643,142,0,5
BRDA:643,143,0,4
BRDA:645,144,0,5
BRDA:645,145,0,13
BRDA:645,146,0,4
BRDA:645,147,0,0
BRDA:646,148,0,5
BRDA:646,149,0,13
BRDA:646,150,0,4
BRDA:646,151,0,0
BRDA:647,152,0,5
BRDA:647,153,0,12
BRDA:1258,154,0,11
BRDA:1258,155,0,6
BRDA:1258,156,0,0
BRDA:1259,157,0,6
BRDA:1259,158,0,11
BRDA:1321,159,0,6
BRDA:1321,160,0,11
BRDA:1391,161,0,11
BRDA:1391,162,0,3
BRDA:1394,163,0,14
BRDA:1400,164,0,9
BRDA:1410,165,0,8
BRDA:1418,166,0,5
BRDA:1418,167,0,5
BRDA:1419,168,0,3
BRDA:1421,169,0,5
BRDA:1422,170,0,3
BRDA:1426,171,0,5
BRDA:1426,172,0,3
BRDA:1427,173,0,5
BRDA:1427,174,0,3
BRDA:1427,175,0,0
BRDA:1427,176,0,3
BRDA:1430,177,0,5
BRDA:1430,178,0,3
BRDA:1430,179,0,0
BRDA:1430,180,0,3
BRDA:1431,181,0,5
BRDA:1431,182,0,3
BRDA:1431,183,0,0
BRDA:1431,184,0,3
BRDA:1463,185,0,0
BRDA:1472,186,0,0
BRDA:1478,187,0,5
BRDA:1481,188,0,4
BRDA:1482,189,0,1
BRDA:1497,190,0,3
BRDA:1501,191,0,4
BRDA:1502,192,0,4
BRDA:1513,193,0,0
BRDA:1517,194,0,1
BRDA:1525,195,0,0
BRDA:1526,196,0,7
BRDA:1544,197,0,5
BRDA:1547,198,0,0
BRDA:1553,199,0,0
BRDA:1560,200,0,5
BRDA:1560,201,0,0
BRDA:1564,202,0,1
BRDA:1574,203,0,0
BRDA:1579,204,0,7
BRDA:1591,205,0,5
BRDA:1591,206,0,3
BRDA:1592,207,0,5
BRDA:1597,208,0,5
BRDA:1597,209,0,3
BRDA:1598,210,0,5
BRDA:1598,211,0,0
BRDA:1606,212,0,2
BRDA:1606,213,0,6
BRDA:1610,214,0,7
BRDA:1622,215,0,4
BRDA:1625,216,0,4
BRDA:1628,217,0,4
BRDA:1631,218,0,4
BRDA:1631,219,0,3
BRDA:1634,220,0,4
BRDA:1642,221,0,4
BRDA:1642,222,0,3
BRDA:1642,223,0,0
BRDA:1642,224,0,3
BRDA:1642,225,0,0
BRDA:1642,226,0,3
BRDA:1645,227,0,4
BRDA:1645,228,0,3
BRDA:1645,229,0,0
BRDA:1645,230,0,3
BRDA:1648,231,0,4
BRDA:1651,232,0,4
BRDA:1654,233,0,4
BRDA:1654,234,0,3
BRDA:1654,235,0,0
BRDA:1654,236,0,3
BRDA:1657,237,0,4
BRDA:1657,238,0,3
BRDA:1660,239,0,4
BRDA:1660,240,0,2
BRDA:1660,241,0,2
BRDA:1661,242,0,5
BRDA:1670,243,0,4
BRDA:1670,244,0,3
BRDA:1670,245,0,0
BRDA:1670,246,0,3
BRDA:1675,247,0,4
BRDA:1689,248,0,4
BRDA:1703,249,0,4
BRDA:1717,250,0,4
BRDA:1720,251,0,4
BRDA:1720,252,0,3
BRDA:1736,253,0,4
BRDA:1741,254,0,4
BRDA:1741,255,0,3
BRDA:1743,256,0,1
BRDA:1746,257,0,0
BRDA:1767,258,0,1
BRDA:1786,259,0,0
BRDA:1797,260,0,0
BRDA:1802,261,0,0
BRDA:1807,262,0,0
BRDA:1860,263,0,7
BRDA:1863,264,0,0
BRDA:1989,265,0,1
BRDA:1989,266,0,16
BRDA:1992,267,0,1
BRDA:1995,268,0,16
BRDA:1997,269,0,1
BRDA:2000,270,0,16
BRDA:2002,271,0,1
BRDA:2007,272,0,16
BRDA:2053,273,0,0
BRDA:2065,274,0,1
BRDA:2065,275,0,16
BRDA:2069,276,0,0
BRDA:2088,277,0,1
BRDA:2088,278,0,16
BRDA:2092,279,0,1
BRDA:2094,280,0,1
BRDA:2094,281,0,0
BRDA:2096,282,0,1
BRDA:2097,283,0,16
BRDA:2190,284,0,1
BRDA:2190,285,0,16
BRDA:2237,286,0,1
BRDA:2238,287,0,16
BRDA:2251,288,0,1
BRDA:2252,289,0,16
BRDA:2263,290,0,1
BRDA:2264,291,0,16
BRDA:2275,292,0,1
BRDA:2276,293,0,16
BRDA:2287,294,0,1
BRDA:2288,295,0,16
BRDA:2294,296,0,16
BRDA:2294,297,0,1
BRDA:2299,298,0,1
BRDA:2299,299,0,16
BRDA:2299,300,0,0
BRDA:2316,301,0,1
BRDA:2326,302,0,0
BRDA:2329,303,0,16
BRDA:2341,304,0,0
BRDA:2353,305,0,0
BRDA:592,306,0,8
BRDA:595,307,0,11
BRDA:595,308,0,1
BRDA:597,309,0,11
BRDA:597,310,0,5
BRDA:598,311,0,11
BRDA:598,312,0,5
BRDA:613,313,0,8
BRDA:617,314,0,0
BRDA:624,315,0,0
BRDA:625,316,0,0
BRDA:633,317,0,8
BRDA:634,318,0,8
BRDA:635,319,0,8
BRDA:635,320,0,2
BRDA:665,321,0,1
BRDA:666,322,0,0
BRDA:667,323,0,0
BRDA:667,324,0,1
BRDA:681,325,0,3
BRDA:694,326,0,0
BRDA:699,327,0,0
BRDA:700,328,0,0
BRDA:705,329,0,0
BRDA:706,330,0,0
BRDA:711,331,0,0
BRDA:713,332,0,0
BRDA:715,333,0,0
BRDA:721,334,0,0
BRDA:712,335,0,3
BRDA:717,336,0,3
BRDA:734,337,0,3
BRDA:735,338,0,0
BRDA:744,339,0,0
BRDA:759,340,0,3
BRDA:760,341,0,0
BRDA:768,342,0,0
BRDA:769,343,0,0
BRDA:901,344,0,1
BRDA:902,345,0,0
BRDA:907,346,0,0
BRDA:915,347,0,1
BRDA:918,348,0,0
BRDA:918,349,0,0
BRDA:918,350,0,0
BRDA:919,351,0,0
BRDA:1090,352,0,3
BRDA:1094,353,0,17
BRDA:1095,354,0,16
BRDA:1097,355,0,1
BRDA:1099,356,0,0
BRDA:1099,357,0,0
BRDA:1108,358,0,1
BRDA:1112,359,0,1
BRDA:1114,360,0,0
BRDA:1113,361,0,1
BRDA:1122,362,0,6
BRDA:1129,363,0,3
BRDA:1139,364,0,6
BRDA:1140,365,0,3
BRDA:1142,366,0,0
BRDA:1339,367,0,8
BRDA:1378,368,0,0
BRDA:1380,369,0,0
BRDA:1354,370,0,8
BRDA:1440,371,0,8
BRDA:1441,372,0,8
BRDA:1603,373,0,1
BRDA:1659,374,0,7
BRDA:1811,375,0,1
BRDA:1830,376,0,0
BRDA:1818,377,0,1
BRDA:2033,378,0,11
BRDA:2046,379,0,11
BRDA:2065,380,0,11
BRDA:2190,381,0,11
BRF:382
BRH:277
end_of_record
TN:
SF:src/api.js
FN:7,normalizeBaseUrl
FN:18,buildRelativeUrl
FN:39,buildAbsoluteUrl
FN:61,buildApiUrl
FN:77,requestJson
FN:106,fetchHealth
FN:116,fetchUsers
FN:126,fetchNetworkGroups
FN:137,createNetworkGroup
FN:153,fetchVms
FN:164,fetchVm
FN:175,saveVmConfig
FN:192,createVm
FN:209,provisionSavedVm
FN:222,destroyVm
FN:235,startVm
FN:248,stopVm
FN:262,updateVmPolicy
FN:280,cloneVm
FN:297,createVmSnapshot
FN:311,restoreVmSnapshot
FN:325,deleteVmSnapshot
FN:339,fetchVmLogs
FN:351,buildVmLogStreamUrl
FNF:24
FNH:15
FNDA:28,normalizeBaseUrl
FNDA:27,buildRelativeUrl
FNDA:1,buildAbsoluteUrl
FNDA:26,buildApiUrl
FNDA:24,requestJson
FNDA:3,fetchHealth
FNDA:4,fetchUsers
FNDA:4,fetchNetworkGroups
FNDA:1,createNetworkGroup
FNDA:3,fetchVms
FNDA:3,fetchVm
FNDA:0,saveVmConfig
FNDA:0,createVm
FNDA:0,provisionSavedVm
FNDA:0,destroyVm
FNDA:0,startVm
FNDA:0,stopVm
FNDA:1,updateVmPolicy
FNDA:1,cloneVm
FNDA:0,createVmSnapshot
FNDA:0,restoreVmSnapshot
FNDA:0,deleteVmSnapshot
FNDA:3,fetchVmLogs
FNDA:1,buildVmLogStreamUrl
DA:1,1
DA:2,1
DA:3,1
DA:4,1
DA:5,1
DA:6,1
DA:7,1
DA:8,28
DA:9,28
DA:11,1
DA:12,1
DA:13,1
DA:14,1
DA:15,1
DA:16,1
DA:17,1
DA:18,1
DA:19,27
DA:20,27
DA:21,6
DA:22,6
DA:23,6
DA:24,6
DA:25,6
DA:26,6
DA:28,27
DA:29,27
DA:31,1
DA:32,1
DA:33,1
DA:34,1
DA:35,1
DA:36,1
DA:37,1
DA:38,1
DA:39,1
DA:40,1
DA:41,1
DA:42,1
DA:43,0
DA:44,0
DA:45,0
DA:46,0
DA:47,0
DA:48,0
DA:50,1
DA:51,1
DA:53,1
DA:54,1
DA:55,1
DA:56,1
DA:57,1
DA:58,1
DA:59,1
DA:60,1
DA:61,1
DA:62,26
DA:63,26
DA:64,26
DA:65,26
DA:67,1
DA:68,1
DA:69,1
DA:70,1
DA:71,1
DA:72,1
DA:73,1
DA:74,1
DA:75,1
DA:76,1
DA:77,1
DA:78,24
DA:80,24
DA:81,24
DA:82,24
DA:83,24
DA:84,24
DA:85,0
DA:86,0
DA:87,0
DA:89,24
DA:90,1
DA:91,1
DA:92,1
DA:93,1
DA:94,1
DA:95,1
DA:97,23
DA:98,23
DA:100,1
DA:101,1
DA:102,1
DA:103,1
DA:104,1
DA:105,1
DA:106,1
DA:107,3
DA:108,3
DA:110,1
DA:111,1
DA:112,1
DA:113,1
DA:114,1
DA:115,1
DA:116,1
DA:117,4
DA:118,4
DA:120,1
DA:121,1
DA:122,1
DA:123,1
DA:124,1
DA:125,1
DA:126,1
DA:127,4
DA:128,4
DA:130,1
DA:131,1
DA:132,1
DA:133,1
DA:134,1
DA:135,1
DA:136,1
DA:137,1
DA:138,1
DA:139,1
DA:140,1
DA:141,1
DA:142,1
DA:143,1
DA:144,1
DA:145,1
DA:147,1
DA:148,1
DA:149,1
DA:150,1
DA:151,1
DA:152,1
DA:153,1
DA:154,3
DA:155,3
DA:157,1
DA:158,1
DA:159,1
DA:160,1
DA:161,1
DA:162,1
DA:163,1
DA:164,1
DA:165,3
DA:166,3
DA:168,1
DA:169,1
DA:170,1
DA:171,1
DA:172,1
DA:173,1
DA:174,1
DA:175,1
DA:176,0
DA:177,0
DA:178,0
DA:179,0
DA:180,0
DA:181,0
DA:182,0
DA:183,0
DA:185,1
DA:186,1
DA:187,1
DA:188,1
DA:189,1
DA:190,1
DA:191,1
DA:192,1
DA:193,0
DA:194,0
DA:195,0
DA:196,0
DA:197,0
DA:198,0
DA:199,0
DA:200,0
DA:202,1
DA:203,1
DA:204,1
DA:205,1
DA:206,1
DA:207,1
DA:208,1
DA:209,1
DA:210,0
DA:211,0
DA:212,0
DA:213,0
DA:215,1
DA:216,1
DA:217,1
DA:218,1
DA:219,1
DA:220,1
DA:221,1
DA:222,1
DA:223,0
DA:224,0
DA:225,0
DA:226,0
DA:228,1
DA:229,1
DA:230,1
DA:231,1
DA:232,1
DA:233,1
DA:234,1
DA:235,1
DA:236,0
DA:237,0
DA:238,0
DA:239,0
DA:241,1
DA:242,1
DA:243,1
DA:244,1
DA:245,1
DA:246,1
DA:247,1
DA:248,1
DA:249,0
DA:250,0
DA:251,0
DA:252,0
DA:254,1
DA:255,1
DA:256,1
DA:257,1
DA:258,1
DA:259,1
DA:260,1
DA:261,1
DA:262,1
DA:263,1
DA:264,1
DA:265,1
DA:266,1
DA:267,1
DA:268,1
DA:269,1
DA:270,1
DA:272,1
DA:273,1
DA:274,1
DA:275,1
DA:276,1
DA:277,1
DA:278,1
DA:279,1
DA:280,1
DA:281,1
DA:282,1
DA:283,1
DA:284,1
DA:285,1
DA:286,1
DA:287,1
DA:288,1
DA:290,1
DA:291,1
DA:292,1
DA:293,1
DA:294,1
DA:295,1
DA:296,1
DA:297,1
DA:298,0
DA:299,0
DA:300,0
DA:301,0
DA:303,1
DA:304,1
DA:305,1
DA:306,1
DA:307,1
DA:308,1
DA:309,1
DA:310,1
DA:311,1
DA:312,0
DA:313,0
DA:314,0
DA:315,0
DA:317,1
DA:318,1
DA:319,1
DA:320,1
DA:321,1
DA:322,1
DA:323,1
DA:324,1
DA:325,1
DA:326,0
DA:327,0
DA:328,0
DA:329,0
DA:331,1
DA:332,1
DA:333,1
DA:334,1
DA:335,1
DA:336,1
DA:337,1
DA:338,1
DA:339,1
DA:340,3
DA:341,3
DA:343,1
DA:344,1
DA:345,1
DA:346,1
DA:347,1
DA:348,1
DA:349,1
DA:350,1
DA:351,1
DA:352,1
DA:353,1
LF:325
LH:272
BRDA:7,0,0,28
BRDA:8,1,0,26
BRDA:18,2,0,27
BRDA:20,3,0,6
BRDA:39,4,0,1
BRDA:42,5,0,0
BRDA:61,6,0,26
BRDA:63,7,0,0
BRDA:77,8,0,24
BRDA:81,9,0,0
BRDA:84,10,0,0
BRDA:89,11,0,1
BRDA:90,12,0,0
BRDA:93,13,0,0
BRDA:95,14,0,23
BRDA:106,15,0,3
BRDA:116,16,0,4
BRDA:126,17,0,4
BRDA:137,18,0,1
BRDA:153,19,0,3
BRDA:164,20,0,3
BRDA:262,21,0,1
BRDA:280,22,0,1
BRDA:339,23,0,3
BRDA:351,24,0,1
BRF:25
BRH:19
end_of_record
TN:
SF:src/theme.js
FNF:0
FNH:0
DA:1,1
DA:3,1
DA:4,1
DA:5,1
DA:6,1
DA:7,1
DA:8,1
DA:9,1
DA:10,1
DA:11,1
DA:12,1
DA:13,1
DA:14,1
DA:15,1
DA:16,1
DA:17,1
DA:18,1
DA:19,1
DA:20,1
DA:21,1
DA:22,1
DA:23,1
DA:24,1
DA:25,1
DA:26,1
DA:27,1
DA:28,1
DA:29,1
DA:30,1
DA:31,1
DA:32,1
DA:33,1
DA:34,1
DA:35,1
DA:36,1
DA:37,1
DA:38,1
DA:39,1
DA:40,1
DA:41,1
DA:42,1
DA:43,1
DA:44,1
DA:45,1
DA:46,1
DA:47,1
DA:48,1
DA:49,1
DA:50,1
DA:51,1
DA:52,1
DA:53,1
DA:54,1
DA:55,1
DA:56,1
DA:57,1
DA:58,1
DA:59,1
DA:60,1
DA:61,1
DA:62,1
DA:63,1
DA:64,1
DA:65,1
DA:66,1
DA:67,1
DA:68,1
DA:69,1
DA:70,1
DA:71,1
DA:72,1
DA:73,1
DA:74,1
DA:75,1
DA:76,1
DA:77,1
DA:78,1
DA:79,1
DA:80,1
DA:81,1
DA:82,1
DA:83,1
DA:84,1
DA:85,1
DA:86,1
DA:87,1
DA:88,1
DA:89,1
DA:90,1
DA:91,1
DA:92,1
DA:93,1
LF:92
LH:92
BRF:0
BRH:0
end_of_record
